生成启动时间为 2017/5/24 15:10:08。
     1>项目“E:\MyCode\IRProc\IRProc\IRProc.vcxproj”在节点 2 上(Build 个目标)。
     1>ClCompile:
         D:\Program Files (x86)\Microsoft Visual Studio 12.0\VC\bin\CL.exe /c /ZI /nologo /W3 /WX- /sdl /Od /Oy- /D WIN32 /D _WINDOWS /D _DEBUG /D _UNICODE /D UNICODE /D _AFXDLL /Gm /EHsc /RTC1 /MDd /GS /fp:precise /Zc:wchar_t /Zc:forScope /Yu"stdafx.h" /Fp"Debug\IRProc.pch" /Fo"Debug\\" /Fd"Debug\vc120.pdb" /Gd /TP /analyze- /errorReport:prompt IRProc.cpp IRProcDlg.cpp ImgDLG.cpp
         ImgDLG.cpp
     1>e:\mycode\irproc\irproc\imgdlg.cpp(132): warning C4244: “=”: 从“float”转换到“unsigned char”，可能丢失数据
         IRProcDlg.cpp
         IRProc.cpp
         正在生成代码...
       Link:
         D:\Program Files (x86)\Microsoft Visual Studio 12.0\VC\bin\link.exe /ERRORREPORT:PROMPT /OUT:"E:\MyCode\IRProc\Debug\IRProc.exe" /INCREMENTAL /NOLOGO opencv_ml249d.lib opencv_calib3d249d.lib opencv_contrib249d.lib opencv_core249d.lib opencv_features2d249d.lib opencv_flann249d.lib opencv_gpu249d.lib opencv_highgui249d.lib opencv_imgproc249d.lib opencv_legacy249d.lib opencv_objdetect249d.lib opencv_ts249d.lib opencv_video249d.lib opencv_nonfree249d.lib opencv_ocl249d.lib opencv_photo249d.lib opencv_stitching249d.lib opencv_superres249d.lib opencv_videostab249d.lib /MANIFEST /MANIFESTUAC:"level='asInvoker' uiAccess='false'" /manifest:embed /manifestinput:"D:\Program Files (x86)\Microsoft Visual Studio 12.0\VC\Include\Manifest\dpiaware.manifest" /DEBUG /PDB:"E:\MyCode\IRProc\Debug\IRProc.pdb" /SUBSYSTEM:WINDOWS /TLBID:1 /ENTRY:"wWinMainCRTStartup" /DYNAMICBASE /NXCOMPAT /IMPLIB:"E:\MyCode\IRProc\Debug\IRProc.lib" /MACHINE:X86 Debug\IRProc.res
         Debug\ImgDLG.obj
         Debug\InfoDlg.obj
         Debug\IRProc.obj
         Debug\IRProcDlg.obj
         Debug\SetDlg.obj
         Debug\stdafx.obj
         IRProc.vcxproj -> E:\MyCode\IRProc\Debug\IRProc.exe
     1>已完成生成项目“E:\MyCode\IRProc\IRProc\IRProc.vcxproj”(Build 个目标)的操作。

生成成功。

已用时间 00:00:01.53
